0 info it worked if it ends with ok
1 verbose cli [ '/usr/local/bin/node', '/usr/local/bin/npm', 'run', 'e2e' ]
2 info using npm@3.0.0
3 info using node@v4.4.4
4 verbose run-script [ 'pree2e', 'e2e', 'poste2e' ]
5 info pree2e vue@1.0.0
6 info e2e vue@1.0.0
7 verbose unsafe-perm in lifecycle true
8 info vue@1.0.0 Failed to exec e2e script
9 verbose stack Error: vue@1.0.0 e2e: `node test/e2e/runner.js`
9 verbose stack Exit status 1
9 verbose stack     at EventEmitter.<anonymous> (/usr/local/lib/node_modules/.npm_npminstall/node_modules/.3.0.0@npm/lib/utils/lifecycle.js:222:16)
9 verbose stack     at emitTwo (events.js:87:13)
9 verbose stack     at EventEmitter.emit (events.js:172:7)
9 verbose stack     at ChildProcess.<anonymous> (/usr/local/lib/node_modules/.npm_npminstall/node_modules/.3.0.0@npm/lib/utils/spawn.js:24:14)
9 verbose stack     at emitTwo (events.js:87:13)
9 verbose stack     at ChildProcess.emit (events.js:172:7)
9 verbose stack     at maybeClose (internal/child_process.js:827:16)
9 verbose stack     at Process.ChildProcess._handle.onexit (internal/child_process.js:211:5)
10 verbose pkgid vue@1.0.0
11 verbose cwd /Users/daozhang/workspace/project/vue
12 error Darwin 16.3.0
13 error argv "/usr/local/bin/node" "/usr/local/bin/npm" "run" "e2e"
14 error node v4.4.4
15 error npm  v3.0.0
16 error code ELIFECYCLE
17 error vue@1.0.0 e2e: `node test/e2e/runner.js`
17 error Exit status 1
18 error Failed at the vue@1.0.0 e2e script 'node test/e2e/runner.js'.
18 error This is most likely a problem with the vue package,
18 error not with npm itself.
18 error Tell the author that this fails on your system:
18 error     node test/e2e/runner.js
18 error You can get their info via:
18 error     npm owner ls vue
18 error There is likely additional logging output above.
19 verbose exit [ 1, true ]
